#
# There is insufficient memory for the Java Runtime Environment to continue.
# Native memory allocation (malloc) failed to allocate 1247920 bytes for Chunk::new
# Possible reasons:
#   The system is out of physical RAM or swap space
#   The process is running with CompressedOops enabled, and the Java Heap may be blocking the growth of the native heap
# Possible solutions:
#   Reduce memory load on the system
#   Increase physical memory or swap space
#   Check if swap backing store is full
#   Decrease Java heap size (-Xmx/-Xms)
#   Decrease number of Java threads
#   Decrease Java thread stack sizes (-Xss)
#   Set larger code cache with -XX:ReservedCodeCacheSize=
#   JVM is running with Unscaled Compressed Oops mode in which the Java heap is
#     placed in the first 4GB address space. The Java Heap base address is the
#     maximum limit for the native heap growth. Please use -XX:HeapBaseMinAddress
#     to set the Java Heap base and to place the Java Heap above 4GB virtual address.
# This output file may be truncated or incomplete.
#
#  Out of Memory Error (allocation.cpp:389), pid=560, tid=0x0000000000004884
#
# JRE version: OpenJDK Runtime Environment (8.0) (build 1.8.0-25-microsoft-b00)
# Java VM: OpenJDK 64-Bit Server VM (25.71-b00 mixed mode windows-amd64 compressed oops)
# Failed to write core dump. Minidumps are not enabled by default on client versions of Windows
#

---------------  T H R E A D  ---------------

Current thread (0x00000000176d8800):  JavaThread "C2 CompilerThread1" daemon [_thread_in_native, id=18564, stack(0x0000000018090000,0x0000000018190000)]

Stack: [0x0000000018090000,0x0000000018190000]
[error occurred during error reporting (printing stack bounds), id 0xc0000005]

Native frames: (J=compiled Java code, j=interpreted, Vv=VM code, C=native code)


Current CompileTask:
C2:   1694 1502       4       com.android.tools.r8.B.a.a.f::a (6094 bytes)


---------------  P R O C E S S  ---------------

Java Threads: ( => current thread )
  0x0000000018a63000 JavaThread "ForkJoinPool-1-worker-0" daemon [_thread_in_Java, id=19540, stack(0x000000001a060000,0x000000001a160000)]
  0x0000000018a62800 JavaThread "ForkJoinPool-1-worker-3" daemon [_thread_blocked, id=6096, stack(0x0000000019f60000,0x000000001a060000)]
  0x0000000018916800 JavaThread "ForkJoinPool-1-worker-2" daemon [_thread_blocked, id=13928, stack(0x0000000019e60000,0x0000000019f60000)]
  0x0000000018915800 JavaThread "ForkJoinPool-1-worker-1" daemon [_thread_blocked, id=12100, stack(0x0000000019d60000,0x0000000019e60000)]
  0x0000000017749000 JavaThread "Service Thread" daemon [_thread_blocked, id=17920, stack(0x0000000018390000,0x0000000018490000)]
  0x00000000176f2000 JavaThread "C1 CompilerThread3" daemon [_thread_blocked, id=8548, stack(0x0000000018290000,0x0000000018390000)]
  0x00000000176de000 JavaThread "C2 CompilerThread2" daemon [_thread_in_native, id=13464, stack(0x0000000018190000,0x0000000018290000)]
=>0x00000000176d8800 JavaThread "C2 CompilerThread1" daemon [_thread_in_native, id=18564, stack(0x0000000018090000,0x0000000018190000)]
  0x00000000176d5800 JavaThread "C2 CompilerThread0" daemon [_thread_in_native, id=5684, stack(0x0000000017f90000,0x0000000018090000)]
  0x00000000176d0000 JavaThread "Attach Listener" daemon [_thread_blocked, id=4312, stack(0x0000000017e90000,0x0000000017f90000)]
  0x00000000176cf000 JavaThread "Signal Dispatcher" daemon [_thread_blocked, id=9596, stack(0x0000000017d90000,0x0000000017e90000)]
  0x00000000176c0800 JavaThread "Finalizer" daemon [_thread_blocked, id=20700, stack(0x0000000017ba0000,0x0000000017ca0000)]
  0x000000001589c000 JavaThread "Reference Handler" daemon [_thread_blocked, id=19992, stack(0x0000000017aa0000,0x0000000017ba0000)]
  0x0000000002c83000 JavaThread "main" [_thread_blocked, id=17424, stack(0x0000000002b80000,0x0000000002c80000)]

Other Threads:
  0x0000000015897000 VMThread [stack: 0x00000000175a0000,0x00000000176a0000] [id=8484]
  0x000000001774b000 WatcherThread [stack: 0x0000000018490000,0x0000000018590000] [id=14700]

VM state:not at safepoint (normal execution)

VM Mutex/Monitor currently owned by a thread: None

heap address: 0x00000000c0000000, size: 1024 MB, Compressed Oops mode: 32-bit
Narrow klass base: 0x0000000000000000, Narrow klass shift: 3
Compressed class space size: 1073741824 Address: 0x0000000100000000

Heap:
 PSYoungGen      total 141824K, used 42304K [0x00000000eab00000, 0x00000000f4000000, 0x0000000100000000)
  eden space 131072K, 24% used [0x00000000eab00000,0x00000000ec9d0860,0x00000000f2b00000)
  from space 10752K, 99% used [0x00000000f2b00000,0x00000000f357f9d8,0x00000000f3580000)
  to   space 10752K, 0% used [0x00000000f3580000,0x00000000f3580000,0x00000000f4000000)
 ParOldGen       total 175104K, used 40480K [0x00000000c0000000, 0x00000000cab00000, 0x00000000eab00000)
  object space 175104K, 23% used [0x00000000c0000000,0x00000000c27880b8,0x00000000cab00000)
 Metaspace       used 12023K, capacity 12546K, committed 12800K, reserved 1060864K
  class space    used 1497K, capacity 1671K, committed 1792K, reserved 1048576K

Card table byte_map: [0x0000000012140000,0x0000000012350000] byte_map_base: 0x0000000011b40000

Marking Bits: (ParMarkBitMap*) 0x000000005d668f30
 Begin Bits: [0x0000000012cb0000, 0x0000000013cb0000)
 End Bits:   [0x0000000013cb0000, 0x0000000014cb0000)

Polling page: 0x0000000001310000

CodeCache: size=245760Kb used=6529Kb max_used=6541Kb free=239230Kb
 bounds [0x0000000002d80000, 0x00000000033f0000, 0x0000000011d80000]
 total_blobs=2022 nmethods=1677 adapters=258
 compilation: enabled

Compilation events (10 events):
Event: 1.671 Thread 0x00000000176f2000 1669       3       sun.misc.URLClassPath$JarLoader$2::getInputStream (15 bytes)
Event: 1.672 Thread 0x00000000176f2000 nmethod 1669 0x00000000033cbb10 code [0x00000000033cbc80, 0x00000000033cbea8]
Event: 1.672 Thread 0x00000000176f2000 1670       3       java.net.URLStreamHandler::equals (45 bytes)
Event: 1.672 Thread 0x00000000176f2000 nmethod 1670 0x00000000033cbf90 code [0x00000000033cc120, 0x00000000033cc638]
Event: 1.672 Thread 0x00000000176f2000 1671       3       java.net.URLStreamHandler::sameFile (136 bytes)
Event: 1.672 Thread 0x00000000176f2000 nmethod 1671 0x00000000033cc790 code [0x00000000033cc960, 0x00000000033cd9a8]
Event: 1.672 Thread 0x00000000176f2000 1672       3       sun.net.www.protocol.file.Handler::hostsEqual (69 bytes)
Event: 1.673 Thread 0x00000000176f2000 nmethod 1672 0x00000000033cdc10 code [0x00000000033cddc0, 0x00000000033ce528]
Event: 1.673 Thread 0x00000000176f2000 1673       3       java.net.URLStreamHandler::hostsEqual (75 bytes)
Event: 1.673 Thread 0x00000000176f2000 nmethod 1673 0x00000000033ce6d0 code [0x00000000033ce880, 0x00000000033cf1f8]

GC Heap History (6 events):
Event: 0.734 GC heap before
{Heap before GC invocations=1 (full 0):
 PSYoungGen      total 76288K, used 65536K [0x00000000eab00000, 0x00000000f0000000, 0x0000000100000000)
  eden space 65536K, 100% used [0x00000000eab00000,0x00000000eeb00000,0x00000000eeb00000)
  from space 10752K, 0% used [0x00000000ef580000,0x00000000ef580000,0x00000000f0000000)
  to   space 10752K, 0% used [0x00000000eeb00000,0x00000000eeb00000,0x00000000ef580000)
 ParOldGen       total 175104K, used 0K [0x00000000c0000000, 0x00000000cab00000, 0x00000000eab00000)
  object space 175104K, 0% used [0x00000000c0000000,0x00000000c0000000,0x00000000cab00000)
 Metaspace       used 8050K, capacity 8256K, committed 8448K, reserved 1056768K
  class space    used 919K, capacity 996K, committed 1024K, reserved 1048576K
Event: 0.746 GC heap after
Heap after GC invocations=1 (full 0):
 PSYoungGen      total 76288K, used 10745K [0x00000000eab00000, 0x00000000f4000000, 0x0000000100000000)
  eden space 65536K, 0% used [0x00000000eab00000,0x00000000eab00000,0x00000000eeb00000)
  from space 10752K, 99% used [0x00000000eeb00000,0x00000000ef57e528,0x00000000ef580000)
  to   space 10752K, 0% used [0x00000000f3580000,0x00000000f3580000,0x00000000f4000000)
 ParOldGen       total 175104K, used 6440K [0x00000000c0000000, 0x00000000cab00000, 0x00000000eab00000)
  object space 175104K, 3% used [0x00000000c0000000,0x00000000c064a110,0x00000000cab00000)
 Metaspace       used 8050K, capacity 8256K, committed 8448K, reserved 1056768K
  class space    used 919K, capacity 996K, committed 1024K, reserved 1048576K
}
Event: 1.004 GC heap before
{Heap before GC invocations=2 (full 0):
 PSYoungGen      total 76288K, used 76281K [0x00000000eab00000, 0x00000000f4000000, 0x0000000100000000)
  eden space 65536K, 100% used [0x00000000eab00000,0x00000000eeb00000,0x00000000eeb00000)
  from space 10752K, 99% used [0x00000000eeb00000,0x00000000ef57e528,0x00000000ef580000)
  to   space 10752K, 0% used [0x00000000f3580000,0x00000000f3580000,0x00000000f4000000)
 ParOldGen       total 175104K, used 6440K [0x00000000c0000000, 0x00000000cab00000, 0x00000000eab00000)
  object space 175104K, 3% used [0x00000000c0000000,0x00000000c064a110,0x00000000cab00000)
 Metaspace       used 9139K, capacity 9526K, committed 9600K, reserved 1058816K
  class space    used 1039K, capacity 1145K, committed 1152K, reserved 1048576K
Event: 1.022 GC heap after
Heap after GC invocations=2 (full 0):
 PSYoungGen      total 141824K, used 10723K [0x00000000eab00000, 0x00000000f4000000, 0x0000000100000000)
  eden space 131072K, 0% used [0x00000000eab00000,0x00000000eab00000,0x00000000f2b00000)
  from space 10752K, 99% used [0x00000000f3580000,0x00000000f3ff8f50,0x00000000f4000000)
  to   space 10752K, 0% used [0x00000000f2b00000,0x00000000f2b00000,0x00000000f3580000)
 ParOldGen       total 175104K, used 22083K [0x00000000c0000000, 0x00000000cab00000, 0x00000000eab00000)
  object space 175104K, 12% used [0x00000000c0000000,0x00000000c1590f70,0x00000000cab00000)
 Metaspace       used 9139K, capacity 9526K, committed 9600K, reserved 1058816K
  class space    used 1039K, capacity 1145K, committed 1152K, reserved 1048576K
}
Event: 1.460 GC heap before
{Heap before GC invocations=3 (full 0):
 PSYoungGen      total 141824K, used 141795K [0x00000000eab00000, 0x00000000f4000000, 0x0000000100000000)
  eden space 131072K, 100% used [0x00000000eab00000,0x00000000f2b00000,0x00000000f2b00000)
  from space 10752K, 99% used [0x00000000f3580000,0x00000000f3ff8f50,0x00000000f4000000)
  to   space 10752K, 0% used [0x00000000f2b00000,0x00000000f2b00000,0x00000000f3580000)
 ParOldGen       total 175104K, used 22083K [0x00000000c0000000, 0x00000000cab00000, 0x00000000eab00000)
  object space 175104K, 12% used [0x00000000c0000000,0x00000000c1590f70,0x00000000cab00000)
 Metaspace       used 9636K, capacity 9994K, committed 10240K, reserved 1058816K
  class space    used 1098K, capacity 1213K, committed 1280K, reserved 1048576K
Event: 1.484 GC heap after
Heap after GC invocations=3 (full 0):
 PSYoungGen      total 141824K, used 10750K [0x00000000eab00000, 0x00000000f4000000, 0x0000000100000000)
  eden space 131072K, 0% used [0x00000000eab00000,0x00000000eab00000,0x00000000f2b00000)
  from space 10752K, 99% used [0x00000000f2b00000,0x00000000f357f9d8,0x00000000f3580000)
  to   space 10752K, 0% used [0x00000000f3580000,0x00000000f3580000,0x00000000f4000000)
 ParOldGen       total 175104K, used 40480K [0x00000000c0000000, 0x00000000cab00000, 0x00000000eab00000)
  object space 175104K, 23% used [0x00000000c0000000,0x00000000c27880b8,0x00000000cab00000)
 Metaspace       used 9636K, capacity 9994K, committed 10240K, reserved 1058816K
  class space    used 1098K, capacity 1213K, committed 1280K, reserved 1048576K
}

Deoptimization events (10 events):
Event: 0.895 Thread 0x0000000018a63000 Uncommon trap: reason=unstable_if action=reinterpret pc=0x00000000030bcc68 method=com.android.tools.r8.utils.O.d(I)Z @ 27
Event: 0.896 Thread 0x0000000018916800 Uncommon trap: reason=unstable_if action=reinterpret pc=0x00000000030bdadc method=com.android.tools.r8.utils.O.d(I)Z @ 27
Event: 0.952 Thread 0x0000000018a62800 Uncommon trap: reason=unstable_if action=reinterpret pc=0x0000000003119230 method=java.util.concurrent.ConcurrentHashMap.computeIfAbsent(Ljava/lang/Object;Ljava/util/function/Function;)Ljava/lang/Object; @ 104
Event: 0.979 Thread 0x0000000018a63000 Uncommon trap: reason=unstable_if action=reinterpret pc=0x00000000030d51e8 method=com.android.tools.r8.B.a.a.f.a(II[C)Ljava/lang/String; @ 32
Event: 0.979 Thread 0x0000000018a63000 Uncommon trap: reason=unstable_if action=reinterpret pc=0x00000000030d46ac method=com.android.tools.r8.graph.d0.a(C)I @ 7
Event: 0.979 Thread 0x0000000018a63000 Uncommon trap: reason=unstable_if action=reinterpret pc=0x00000000030b1c84 method=com.android.tools.r8.graph.d0.a(C[BI)I @ 7
Event: 0.983 Thread 0x0000000018915800 Uncommon trap: reason=unstable_if action=reinterpret pc=0x00000000030fd600 method=com.android.tools.r8.utils.O.d(I)Z @ 45
Event: 0.992 Thread 0x0000000018916800 Uncommon trap: reason=unstable_if action=reinterpret pc=0x0000000003183060 method=com.android.tools.r8.B.a.a.f.a(II[C)Ljava/lang/String; @ 32
Event: 1.074 Thread 0x0000000018916800 Uncommon trap: reason=unstable_if action=reinterpret pc=0x0000000003125db4 method=java.util.concurrent.ConcurrentHashMap.putVal(Ljava/lang/Object;Ljava/lang/Object;Z)Ljava/lang/Object; @ 195
Event: 1.199 Thread 0x0000000002c83000 Uncommon trap: reason=unstable_if action=reinterpret pc=0x0000000003209c00 method=com.android.tools.r8.B.a.a.B.a()Ljava/lang/String; @ 34

Classes redefined (0 events):
No events

Internal exceptions (10 events):
Event: 0.590 Thread 0x0000000002c83000 Exception <a 'java/security/PrivilegedActionException'> (0x00000000ec7b9be0) thrown at [D:\j\worksp~1\openjd~3\jdk8u\hotspot\src\share\vm\prims\jvm.cpp, line 1508]
Event: 0.590 Thread 0x0000000002c83000 Exception <a 'java/security/PrivilegedActionException'> (0x00000000ec7b9df0) thrown at [D:\j\worksp~1\openjd~3\jdk8u\hotspot\src\share\vm\prims\jvm.cpp, line 1508]
Event: 0.590 Thread 0x0000000002c83000 Exception <a 'java/security/PrivilegedActionException'> (0x00000000ec7bc978) thrown at [D:\j\worksp~1\openjd~3\jdk8u\hotspot\src\share\vm\prims\jvm.cpp, line 1508]
Event: 0.590 Thread 0x0000000002c83000 Exception <a 'java/security/PrivilegedActionException'> (0x00000000ec7bcb88) thrown at [D:\j\worksp~1\openjd~3\jdk8u\hotspot\src\share\vm\prims\jvm.cpp, line 1508]
Event: 0.590 Thread 0x0000000002c83000 Exception <a 'java/security/PrivilegedActionException'> (0x00000000ec7bda78) thrown at [D:\j\worksp~1\openjd~3\jdk8u\hotspot\src\share\vm\prims\jvm.cpp, line 1508]
Event: 0.590 Thread 0x0000000002c83000 Exception <a 'java/security/PrivilegedActionException'> (0x00000000ec7bdc88) thrown at [D:\j\worksp~1\openjd~3\jdk8u\hotspot\src\share\vm\prims\jvm.cpp, line 1508]
Event: 0.605 Thread 0x0000000002c83000 Implicit null exception at 0x0000000002ff3dfc to 0x0000000002ff47b1
Event: 0.628 Thread 0x0000000002c83000 Implicit null exception at 0x0000000002ffb2bc to 0x0000000002ffbc71
Event: 0.643 Thread 0x0000000002c83000 Implicit null exception at 0x0000000002ff08e5 to 0x0000000002ff0f51
Event: 0.649 Thread 0x0000000002c83000 Implicit null exception at 0x0000000002fe82f8 to 0x0000000002fe87bd

Events (10 events):
Event: 1.674 loading class com/android/tools/r8/graph/e0
Event: 1.674 loading class com/android/tools/r8/graph/e0 done
Event: 1.674 loading class com/android/tools/r8/graph/e0
Event: 1.674 loading class com/android/tools/r8/graph/e0 done
Event: 1.674 loading class com/android/tools/r8/u/c/t$a
Event: 1.674 loading class com/android/tools/r8/graph/e0
Event: 1.674 loading class com/android/tools/r8/u/c/t$a done
Event: 1.674 loading class com/android/tools/r8/graph/e0 done
Event: 1.674 loading class com/android/tools/r8/graph/e0
Event: 1.674 loading class com/android/tools/r8/graph/e0 done


Dynamic libraries:
0x00007ff6be7b0000 - 0x00007ff6be7e5000 	D:\Android\Jdk\microsoft_dist_openjdk_1.8.0.25\bin\java.exe
0x00007ffa87980000 - 0x00007ffa87b70000 	C:\WINDOWS\SYSTEM32\ntdll.dll
0x00007ffa87740000 - 0x00007ffa877f2000 	C:\WINDOWS\System32\KERNEL32.DLL
0x00007ffa84b60000 - 0x00007ffa84e04000 	C:\WINDOWS\System32\KERNELBASE.dll
0x00007ffa871f0000 - 0x00007ffa87293000 	C:\WINDOWS\System32\ADVAPI32.dll
0x00007ffa866e0000 - 0x00007ffa8677e000 	C:\WINDOWS\System32\msvcrt.dll
0x00007ffa85de0000 - 0x00007ffa85e77000 	C:\WINDOWS\System32\sechost.dll
0x00007ffa86c60000 - 0x00007ffa86d80000 	C:\WINDOWS\System32\RPCRT4.dll
0x00007ffa86850000 - 0x00007ffa869e4000 	C:\WINDOWS\System32\USER32.dll
0x00007ffa84960000 - 0x00007ffa84981000 	C:\WINDOWS\System32\win32u.dll
0x00007ffa87670000 - 0x00007ffa87696000 	C:\WINDOWS\System32\GDI32.dll
0x00007ffa857f0000 - 0x00007ffa85984000 	C:\WINDOWS\System32\gdi32full.dll
0x00007ffa85990000 - 0x00007ffa85a2e000 	C:\WINDOWS\System32\msvcp_win.dll
0x00007ffa84e70000 - 0x00007ffa84f6a000 	C:\WINDOWS\System32\ucrtbase.dll
0x00007ffa71540000 - 0x00007ffa717c4000 	C:\WINDOWS\WinSxS\amd64_microsoft.windows.common-controls_6595b64144ccf1df_6.0.18362.836_none_e6c4b943130f18ed\COMCTL32.dll
0x00007ffa872a0000 - 0x00007ffa875d6000 	C:\WINDOWS\System32\combase.dll
0x00007ffa84990000 - 0x00007ffa84a10000 	C:\WINDOWS\System32\bcryptPrimitives.dll
0x00007ffa876a0000 - 0x00007ffa876ce000 	C:\WINDOWS\System32\IMM32.DLL
0x000000005f320000 - 0x000000005f3f1000 	D:\Android\Jdk\microsoft_dist_openjdk_1.8.0.25\jre\bin\msvcr100.dll
0x000000005cea0000 - 0x000000005d6e5000 	D:\Android\Jdk\microsoft_dist_openjdk_1.8.0.25\jre\bin\server\jvm.dll
0x00007ffa85fe0000 - 0x00007ffa85fe8000 	C:\WINDOWS\System32\PSAPI.DLL
0x00007ffa80ef0000 - 0x00007ffa80f14000 	C:\WINDOWS\SYSTEM32\WINMM.dll
0x00007ffa80a30000 - 0x00007ffa80a39000 	C:\WINDOWS\SYSTEM32\WSOCK32.dll
0x00007ffa7f120000 - 0x00007ffa7f12a000 	C:\WINDOWS\SYSTEM32\VERSION.dll
0x00007ffa87600000 - 0x00007ffa8766f000 	C:\WINDOWS\System32\WS2_32.dll
0x00007ffa80e80000 - 0x00007ffa80ead000 	C:\WINDOWS\SYSTEM32\WINMMBASE.dll
0x00007ffa84f70000 - 0x00007ffa84fba000 	C:\WINDOWS\System32\cfgmgr32.dll
0x00007ffa7fd90000 - 0x00007ffa7fd9f000 	D:\Android\Jdk\microsoft_dist_openjdk_1.8.0.25\jre\bin\verify.dll
0x00007ffa7fd60000 - 0x00007ffa7fd89000 	D:\Android\Jdk\microsoft_dist_openjdk_1.8.0.25\jre\bin\java.dll
0x00007ffa7fd40000 - 0x00007ffa7fd56000 	D:\Android\Jdk\microsoft_dist_openjdk_1.8.0.25\jre\bin\zip.dll
0x00007ffa85ff0000 - 0x00007ffa866d4000 	C:\WINDOWS\System32\SHELL32.dll
0x00007ffa85e80000 - 0x00007ffa85f29000 	C:\WINDOWS\System32\shcore.dll
0x00007ffa85070000 - 0x00007ffa857ee000 	C:\WINDOWS\System32\windows.storage.dll
0x00007ffa84850000 - 0x00007ffa84873000 	C:\WINDOWS\System32\profapi.dll
0x00007ffa848c0000 - 0x00007ffa8490a000 	C:\WINDOWS\System32\powrprof.dll
0x00007ffa84840000 - 0x00007ffa84850000 	C:\WINDOWS\System32\UMPDC.dll
0x00007ffa876e0000 - 0x00007ffa87732000 	C:\WINDOWS\System32\shlwapi.dll
0x00007ffa848a0000 - 0x00007ffa848b1000 	C:\WINDOWS\System32\kernel.appcore.dll
0x00007ffa84940000 - 0x00007ffa84957000 	C:\WINDOWS\System32\cryptsp.dll
0x00007ffa6c810000 - 0x00007ffa6c82a000 	D:\Android\jdk\microsoft_dist_openjdk_1.8.0.25\jre\bin\net.dll
0x00007ffa840b0000 - 0x00007ffa84117000 	C:\WINDOWS\system32\mswsock.dll
0x00007ffa6c430000 - 0x00007ffa6c441000 	D:\Android\jdk\microsoft_dist_openjdk_1.8.0.25\jre\bin\nio.dll

VM Arguments:
jvm_args: -Xmx1G 
java_command: com.android.tools.r8.D8 --debug --min-api 21 --output obj\Debug\90\android\bin\ --lib D:\Android\android-sdk\platforms\android-28\android.jar obj\Debug\90\android\bin\classes.zip D:\Microsoft Visual Studio\2019\Enterprise\Common7\IDE\ReferenceAssemblies\Microsoft\Framework\MonoAndroid\v9.0\mono.android.jar D:\Microsoft Visual Studio\2019\Enterprise\MSBuild\Xamarin\Android\java_runtime_fastdev.jar obj\Debug\90\lp\10\jl\bin\classes.jar obj\Debug\90\lp\11\jl\bin\classes.jar obj\Debug\90\lp\12\jl\bin\classes.jar obj\Debug\90\lp\13\jl\bin\classes.jar obj\Debug\90\lp\14\jl\com.android.support.support-annotations.jar obj\Debug\90\lp\15\jl\bin\classes.jar obj\Debug\90\lp\16\jl\com.android.support.collections.jar obj\Debug\90\lp\17\jl\bin\classes.jar obj\Debug\90\lp\18\jl\bin\classes.jar obj\Debug\90\lp\19\jl\bin\classes.jar obj\Debug\90\lp\20\jl\bin\classes.jar obj\Debug\90\lp\21\jl\bin\classes.jar obj\Debug\90\lp\22\jl\bin\classes.jar obj\Debug\90\lp\23\jl\bin\classes.jar obj\Debug\90\lp\24\jl\bin\classes.jar obj\Debug\90\lp\25\jl\bin\classes.jar obj\Debug\90\lp\26\jl\bin\classes.jar obj\Debug\90\lp\27\jl\bin\classes.jar obj\Debug\90\lp\28\jl\bin\classes.jar obj\Debug\90\lp\29\jl\bin\classes.jar obj\Debug\90\lp\3\jl\formsviewgroup.jar obj\Debug\90\lp\30\jl\bin\classes.jar obj\Debug\90\lp\31\jl\bin\classes.jar obj\Debug\90\lp\32\jl\bin\classes.jar obj\Debug\90\lp\33\jl\bin\classes.jar obj\Debug\90\lp\34\jl\bin\classes.jar obj\Debug\90\lp\35\jl\bin\classes.jar obj\Debug\90\lp\37\jl\bin\classes.jar obj\Debug\90\lp\38\jl\bin\classes.jar obj\Debug\90\lp\39\jl\bin\classes.jar obj\Debug\90\lp\40\jl\bin\classes.jar obj\Debug\90\lp\41\jl\bin\classes.jar obj\Debug\90\lp\42\jl\bin\classes.jar obj\Debug\90\lp\6\jl\android.arch.core.common.jar obj\Debug\90\lp\7\jl\bin\classes.jar obj\Debug\90\lp\8\jl\android.arch.lifecycle.common.jar obj\Debug\90\lp\9\jl\bin\classes.jar
java_class_path (initial): D:\Microsoft Visual Studio\2019\Enterprise\MSBuild\Xamarin\Android\r8.jar
Launcher Type: SUN_STANDARD

Environment Variables:
JAVA_HOME=D:\Android\Jdk\microsoft_dist_openjdk_1.8.0.25
CLASSPATH=D:\Java\jdk-15.0.1\lib;
PATH=D:\Android\Jdk\microsoft_dist_openjdk_1.8.0.25\bin;C:\Program Files (x86)\Common Files\Oracle\Java\javapath;C:\Windows\system32;C:\Windows;C:\Windows\System32\Wbem;C:\Windows\System32\WindowsPowerShell\v1.0\;C:\Windows\System32\OpenSSH\;D:\Java\jdk-15.0.1\bin;C:\Program Files\NVIDIA Corporation\NVIDIA NvDLISR;C:\WINDOWS\system32;C:\WINDOWS;C:\WINDOWS\System32\Wbem;C:\WINDOWS\System32\WindowsPowerShell\v1.0\;C:\WINDOWS\System32\OpenSSH\;C:\Program Files (x86)\NVIDIA Corporation\DDS Utilities;C:\Program Files (x86)\NVIDIA Corporation\PhysX\Common;C:\Program Files\Microsoft SQL Server\130\Tools\Binn\;C:\Program Files\Microsoft SQL Server\Client SDK\ODBC\170\Tools\Binn\;D:\Windows Kits\10\Windows Performance Toolkit\;D:\_coding\.nuget;C:\Program Files\dotnet\;C:\Program Files\MySQL\MySQL Shell 8.0\bin\;D:\Python\Python38\Scripts\;D:\Python\Python38\;C:\Users\simge\AppData\Local\Microsoft\WindowsApps;D:\JetBrains\IntelliJ IDEA Community Edition 2019.2.3\bin;;C:\Users\simge\AppData\Local\Microsoft\WindowsApps;C:\Users\simge\AppData\Local\GitHubDesktop\bin;D:\Microsoft VS Code\bin;C:\Users\simge\.dotnet\tools
USERNAME=simge
OS=Windows_NT
PROCESSOR_IDENTIFIER=Intel64 Family 6 Model 94 Stepping 3, GenuineIntel



---------------  S Y S T E M  ---------------

OS: Windows 10.0 , 64 bit Build 18362 (10.0.18362.778)

CPU:total 8 (initial active 8) (4 cores per cpu, 2 threads per core) family 6 model 94 stepping 3, cmov, cx8, fxsr, mmx, sse, sse2, sse3, ssse3, sse4.1, sse4.2, popcnt, avx, avx2, aes, clmul, erms, rtm, 3dnowpref, lzcnt, ht, tsc, tscinvbit, bmi1, bmi2, adx

Memory: 4k page, physical 16670224k(4750632k free), swap 19670544k(5124k free)

vm_info: OpenJDK 64-Bit Server VM (25.71-b00) for windows-amd64 JRE (1.8.0-25-microsoft-b00), built on Feb  7 2019 20:09:14 by "builder" with MS VC++ 10.0 (VS2010)

time: Thu Nov 12 21:10:37 2020
timezone: Türkiye Standart Saati
elapsed time: 1 seconds (0d 0h 0m 1s)

